[?1049h[22;0;0t[?1h=[H[2J[?12l[?25h[?1000l[?1002l[?1003l[?1006l[?1005l[?2004h(B[m[?12l[?25h[?1006l[?1000l[?1002l[?1003l[1;1H[1;15r[c[>c[>q]10;?\]11;?\[1;1H[?1006l[?1000l[?1002l[?1003l[?1006h[?1000h[?1002h[?25l[K
[K
[K
[K
[K
[K
[K
[K
[K
[K
[K
[K
[K
[K[38;2;200;213;199m[48;2;45;74;62m[1m
 ❯ 0 [48;2;10;15;13m (B[m[38;2;200;213;199m[48;2;10;15;13m                                     [48;2;45;74;62m[1m 1:bash* [48;2;10;15;13m (B[m[38;2;200;213;199m[48;2;10;15;13m                                      | [38;2;232;213;183m2025-11-25 [38;2;200;213;199m| [38;2;232;213;183m[1m14:19 (B[m[?12l[?25h[1;1H[38;2;102;92;84m┌─[39m ~/bunkeros [38;2;102;92;84m[main]
└─[39m ▸ [38;2;102;92;84m└─[39m ▸ [?1004h[?7727h(B[m[?12l[?25h[?1006l[?1000l[?1002l[?1003l[1;1H[1;15r[?1004h[?7727h(B[m[?12l[?25h[?1006l[?1000l[?1002l[?1003l[1;1H[1;15r(B[m[?12l[?25h[?1006l[?1000l[?1002l[?1003l[1;1H[1;15r[2;6H[?1006l[?1000l[?1002l[?1003l[?1006h[?1000h[?1002h[?25l[38;2;102;92;84m[H┌─[39m ~/bunkeros [38;2;102;92;84m[main][39m[K[38;2;102;92;84m
└─[39m ▸ [K
[K
[K
[K
[K
[K
[K
[K
[K
[K
[K
[K
[K[38;2;200;213;199m[48;2;45;74;62m[1m
 ❯ 0 [48;2;10;15;13m (B[m[38;2;200;213;199m[48;2;10;15;13m                                     [48;2;45;74;62m[1m 1:bash* [48;2;10;15;13m (B[m[38;2;200;213;199m[48;2;10;15;13m                                      | [38;2;232;213;183m2025-11-25 [38;2;200;213;199m| [38;2;232;213;183m[1m14:19 (B[m[?12l[?25h[2;6H[?25l[38;2;200;213;199m[48;2;45;74;62m[1m[15;1H \ Restoring...                                                                                                 (B[m[2;6H[38;2;102;92;84m[H┌─[39m ~/bunkeros [38;2;102;92;84m[main][39m[K[38;2;102;92;84m
└─[39m ▸ [K
[K
[K
[K
[K
[K
[K
[K
[K
[K
[K
[K
[K[38;2;200;213;199m[48;2;45;74;62m[1m
 | Restoring...                                                                                                 (B[m[2;6H