1764098355.165443 client started (216375): version 3.5a, socket /tmp/tmux-1000/default, protocol 8
1764098355.165481 on Linux 6.17.8-arch1-1 #1 SMP PREEMPT_DYNAMIC Fri, 14 Nov 2025 06:54:20 +0000
1764098355.165498 using libevent 2.1.12-stable poll
1764098355.165506 using ncurses 6.5 20240427
1764098355.165542 flags are 0x18010000
1764098355.165561 socket is /tmp/tmux-1000/default
1764098355.165579 trying connect
1764098355.165601 connect failed: Connection refused
1764098355.165617 lock file is /tmp/tmux-1000/default.lock
1764098355.165646 flock succeeded
1764098355.165655 got lock (6)
1764098355.165667 trying connect
1764098355.165681 connect failed: Connection refused
1764098355.166017 add peer 0x55cc377e8560: 7 ((nil))
1764098355.166752 sending message 111 to peer 0x55cc377e8560 (8 bytes)
1764098355.166776 sending message 111 to peer 0x55cc377e8560 (8 bytes)
1764098355.166789 sending message 101 to peer 0x55cc377e8560 (15 bytes)
1764098355.166801 sending message 109 to peer 0x55cc377e8560 (4 bytes)
1764098355.166813 sending message 102 to peer 0x55cc377e8560 (12 bytes)
1764098355.166825 sending message 108 to peer 0x55cc377e8560 (20 bytes)
1764098355.166838 sending message 112 to peer 0x55cc377e8560 (58 bytes)
1764098355.166854 sending message 112 to peer 0x55cc377e8560 (5 bytes)
1764098355.166867 sending message 112 to peer 0x55cc377e8560 (5 bytes)
1764098355.166879 sending message 112 to peer 0x55cc377e8560 (6 bytes)
1764098355.166891 sending message 112 to peer 0x55cc377e8560 (6 bytes)
1764098355.166903 sending message 112 to peer 0x55cc377e8560 (11 bytes)
1764098355.166914 sending message 112 to peer 0x55cc377e8560 (10 bytes)
1764098355.166926 sending message 112 to peer 0x55cc377e8560 (13 bytes)
1764098355.166938 sending message 112 to peer 0x55cc377e8560 (14 bytes)
1764098355.166949 sending message 112 to peer 0x55cc377e8560 (19 bytes)
1764098355.166961 sending message 112 to peer 0x55cc377e8560 (11 bytes)
1764098355.166973 sending message 112 to peer 0x55cc377e8560 (10 bytes)
1764098355.166985 sending message 112 to peer 0x55cc377e8560 (15 bytes)
1764098355.166998 sending message 112 to peer 0x55cc377e8560 (21 bytes)
1764098355.167011 sending message 112 to peer 0x55cc377e8560 (13 bytes)
1764098355.167023 sending message 112 to peer 0x55cc377e8560 (7 bytes)
1764098355.167034 sending message 112 to peer 0x55cc377e8560 (13 bytes)
1764098355.167046 sending message 112 to peer 0x55cc377e8560 (7 bytes)
1764098355.167058 sending message 112 to peer 0x55cc377e8560 (13 bytes)
1764098355.167070 sending message 112 to peer 0x55cc377e8560 (9 bytes)
1764098355.167082 sending message 112 to peer 0x55cc377e8560 (21 bytes)
1764098355.167093 sending message 112 to peer 0x55cc377e8560 (13 bytes)
1764098355.167105 sending message 112 to peer 0x55cc377e8560 (9 bytes)
1764098355.167116 sending message 112 to peer 0x55cc377e8560 (16 bytes)
1764098355.167128 sending message 112 to peer 0x55cc377e8560 (13 bytes)
1764098355.167140 sending message 112 to peer 0x55cc377e8560 (9 bytes)
1764098355.167151 sending message 112 to peer 0x55cc377e8560 (9 bytes)
1764098355.167164 sending message 112 to peer 0x55cc377e8560 (12 bytes)
1764098355.167176 sending message 112 to peer 0x55cc377e8560 (8 bytes)
1764098355.167188 sending message 112 to peer 0x55cc377e8560 (8 bytes)
1764098355.167200 sending message 112 to peer 0x55cc377e8560 (13 bytes)
1764098355.167211 sending message 112 to peer 0x55cc377e8560 (7 bytes)
1764098355.167223 sending message 112 to peer 0x55cc377e8560 (7 bytes)
1764098355.167234 sending message 112 to peer 0x55cc377e8560 (9 bytes)
1764098355.167246 sending message 112 to peer 0x55cc377e8560 (9 bytes)
1764098355.167257 sending message 112 to peer 0x55cc377e8560 (15 bytes)
1764098355.167269 sending message 112 to peer 0x55cc377e8560 (13 bytes)
1764098355.167281 sending message 112 to peer 0x55cc377e8560 (12 bytes)
1764098355.167292 sending message 112 to peer 0x55cc377e8560 (8 bytes)
1764098355.167304 sending message 112 to peer 0x55cc377e8560 (14 bytes)
1764098355.167317 sending message 112 to peer 0x55cc377e8560 (11 bytes)
1764098355.167330 sending message 112 to peer 0x55cc377e8560 (9 bytes)
1764098355.167350 sending message 112 to peer 0x55cc377e8560 (10 bytes)
1764098355.167369 sending message 112 to peer 0x55cc377e8560 (10 bytes)
1764098355.167381 sending message 112 to peer 0x55cc377e8560 (10 bytes)
1764098355.167393 sending message 112 to peer 0x55cc377e8560 (10 bytes)
1764098355.167417 sending message 112 to peer 0x55cc377e8560 (11 bytes)
1764098355.167431 sending message 112 to peer 0x55cc377e8560 (12 bytes)
1764098355.167443 sending message 112 to peer 0x55cc377e8560 (12 bytes)
1764098355.167455 sending message 112 to peer 0x55cc377e8560 (12 bytes)
1764098355.167467 sending message 112 to peer 0x55cc377e8560 (12 bytes)
1764098355.167479 sending message 112 to peer 0x55cc377e8560 (12 bytes)
1764098355.167491 sending message 112 to peer 0x55cc377e8560 (11 bytes)
1764098355.167504 sending message 112 to peer 0x55cc377e8560 (11 bytes)
1764098355.167517 sending message 112 to peer 0x55cc377e8560 (12 bytes)
1764098355.167528 sending message 112 to peer 0x55cc377e8560 (12 bytes)
1764098355.167540 sending message 112 to peer 0x55cc377e8560 (12 bytes)
1764098355.167551 sending message 112 to peer 0x55cc377e8560 (12 bytes)
1764098355.167563 sending message 112 to peer 0x55cc377e8560 (12 bytes)
1764098355.167575 sending message 112 to peer 0x55cc377e8560 (9 bytes)
1764098355.167586 sending message 112 to peer 0x55cc377e8560 (12 bytes)
1764098355.167604 sending message 112 to peer 0x55cc377e8560 (13 bytes)
1764098355.167616 sending message 112 to peer 0x55cc377e8560 (13 bytes)
1764098355.167628 sending message 112 to peer 0x55cc377e8560 (13 bytes)
1764098355.167639 sending message 112 to peer 0x55cc377e8560 (13 bytes)
1764098355.167651 sending message 112 to peer 0x55cc377e8560 (13 bytes)
1764098355.167664 sending message 112 to peer 0x55cc377e8560 (8 bytes)
1764098355.167676 sending message 112 to peer 0x55cc377e8560 (11 bytes)
1764098355.167688 sending message 112 to peer 0x55cc377e8560 (11 bytes)
1764098355.167700 sending message 112 to peer 0x55cc377e8560 (11 bytes)
1764098355.167711 sending message 112 to peer 0x55cc377e8560 (12 bytes)
1764098355.167723 sending message 112 to peer 0x55cc377e8560 (12 bytes)
1764098355.167735 sending message 112 to peer 0x55cc377e8560 (12 bytes)
1764098355.167746 sending message 112 to peer 0x55cc377e8560 (12 bytes)
1764098355.167758 sending message 112 to peer 0x55cc377e8560 (13 bytes)
1764098355.167769 sending message 112 to peer 0x55cc377e8560 (13 bytes)
1764098355.167781 sending message 112 to peer 0x55cc377e8560 (13 bytes)
1764098355.167793 sending message 112 to peer 0x55cc377e8560 (8 bytes)
1764098355.167805 sending message 112 to peer 0x55cc377e8560 (13 bytes)
1764098355.167817 sending message 112 to peer 0x55cc377e8560 (13 bytes)
1764098355.167830 sending message 112 to peer 0x55cc377e8560 (13 bytes)
1764098355.167842 sending message 112 to peer 0x55cc377e8560 (13 bytes)
1764098355.167854 sending message 112 to peer 0x55cc377e8560 (13 bytes)
1764098355.167865 sending message 112 to peer 0x55cc377e8560 (12 bytes)
1764098355.167877 sending message 112 to peer 0x55cc377e8560 (12 bytes)
1764098355.167889 sending message 112 to peer 0x55cc377e8560 (12 bytes)
1764098355.167900 sending message 112 to peer 0x55cc377e8560 (12 bytes)
1764098355.167912 sending message 112 to peer 0x55cc377e8560 (13 bytes)
1764098355.167924 sending message 112 to peer 0x55cc377e8560 (8 bytes)
1764098355.167935 sending message 112 to peer 0x55cc377e8560 (13 bytes)
1764098355.167946 sending message 112 to peer 0x55cc377e8560 (13 bytes)
1764098355.167958 sending message 112 to peer 0x55cc377e8560 (13 bytes)
1764098355.167970 sending message 112 to peer 0x55cc377e8560 (13 bytes)
1764098355.167983 sending message 112 to peer 0x55cc377e8560 (13 bytes)
1764098355.167995 sending message 112 to peer 0x55cc377e8560 (13 bytes)
1764098355.168007 sending message 112 to peer 0x55cc377e8560 (13 bytes)
1764098355.168018 sending message 112 to peer 0x55cc377e8560 (12 bytes)
1764098355.168030 sending message 112 to peer 0x55cc377e8560 (12 bytes)
1764098355.168050 sending message 112 to peer 0x55cc377e8560 (12 bytes)
1764098355.168066 sending message 112 to peer 0x55cc377e8560 (8 bytes)
1764098355.168078 sending message 112 to peer 0x55cc377e8560 (12 bytes)
1764098355.168090 sending message 112 to peer 0x55cc377e8560 (13 bytes)
1764098355.168102 sending message 112 to peer 0x55cc377e8560 (13 bytes)
1764098355.168113 sending message 112 to peer 0x55cc377e8560 (13 bytes)
1764098355.168125 sending message 112 to peer 0x55cc377e8560 (13 bytes)
1764098355.168138 sending message 112 to peer 0x55cc377e8560 (13 bytes)
1764098355.168150 sending message 112 to peer 0x55cc377e8560 (13 bytes)
1764098355.168162 sending message 112 to peer 0x55cc377e8560 (13 bytes)
1764098355.168174 sending message 112 to peer 0x55cc377e8560 (13 bytes)
1764098355.168185 sending message 112 to peer 0x55cc377e8560 (12 bytes)
1764098355.168197 sending message 112 to peer 0x55cc377e8560 (10 bytes)
1764098355.168209 sending message 112 to peer 0x55cc377e8560 (12 bytes)
1764098355.168221 sending message 112 to peer 0x55cc377e8560 (12 bytes)
1764098355.168232 sending message 112 to peer 0x55cc377e8560 (12 bytes)
1764098355.168244 sending message 112 to peer 0x55cc377e8560 (13 bytes)
1764098355.168255 sending message 112 to peer 0x55cc377e8560 (13 bytes)
1764098355.168267 sending message 112 to peer 0x55cc377e8560 (13 bytes)
1764098355.168278 sending message 112 to peer 0x55cc377e8560 (13 bytes)
1764098355.168292 sending message 112 to peer 0x55cc377e8560 (13 bytes)
1764098355.168305 sending message 112 to peer 0x55cc377e8560 (13 bytes)
1764098355.168316 sending message 112 to peer 0x55cc377e8560 (13 bytes)
1764098355.168328 sending message 112 to peer 0x55cc377e8560 (10 bytes)
1764098355.168340 sending message 112 to peer 0x55cc377e8560 (13 bytes)
1764098355.168351 sending message 112 to peer 0x55cc377e8560 (12 bytes)
1764098355.168363 sending message 112 to peer 0x55cc377e8560 (12 bytes)
1764098355.168374 sending message 112 to peer 0x55cc377e8560 (12 bytes)
1764098355.168386 sending message 112 to peer 0x55cc377e8560 (10 bytes)
1764098355.168402 sending message 112 to peer 0x55cc377e8560 (10 bytes)
1764098355.168426 sending message 112 to peer 0x55cc377e8560 (10 bytes)
1764098355.168438 sending message 112 to peer 0x55cc377e8560 (12 bytes)
1764098355.168450 sending message 112 to peer 0x55cc377e8560 (13 bytes)
1764098355.168463 sending message 112 to peer 0x55cc377e8560 (13 bytes)
1764098355.168476 sending message 112 to peer 0x55cc377e8560 (13 bytes)
1764098355.168488 sending message 112 to peer 0x55cc377e8560 (13 bytes)
1764098355.168499 sending message 112 to peer 0x55cc377e8560 (13 bytes)
1764098355.168510 sending message 112 to peer 0x55cc377e8560 (10 bytes)
1764098355.168522 sending message 112 to peer 0x55cc377e8560 (11 bytes)
1764098355.168534 sending message 112 to peer 0x55cc377e8560 (12 bytes)
1764098355.168545 sending message 112 to peer 0x55cc377e8560 (12 bytes)
1764098355.168557 sending message 112 to peer 0x55cc377e8560 (12 bytes)
1764098355.168568 sending message 112 to peer 0x55cc377e8560 (12 bytes)
1764098355.168580 sending message 112 to peer 0x55cc377e8560 (12 bytes)
1764098355.168591 sending message 112 to peer 0x55cc377e8560 (11 bytes)
1764098355.168603 sending message 112 to peer 0x55cc377e8560 (12 bytes)
1764098355.168614 sending message 112 to peer 0x55cc377e8560 (12 bytes)
1764098355.168627 sending message 112 to peer 0x55cc377e8560 (13 bytes)
1764098355.168639 sending message 112 to peer 0x55cc377e8560 (13 bytes)
1764098355.168651 sending message 112 to peer 0x55cc377e8560 (13 bytes)
1764098355.168663 sending message 112 to peer 0x55cc377e8560 (13 bytes)
1764098355.168675 sending message 112 to peer 0x55cc377e8560 (13 bytes)
1764098355.168686 sending message 112 to peer 0x55cc377e8560 (10 bytes)
1764098355.168698 sending message 112 to peer 0x55cc377e8560 (9 bytes)
1764098355.168709 sending message 112 to peer 0x55cc377e8560 (12 bytes)
1764098355.168721 sending message 112 to peer 0x55cc377e8560 (13 bytes)
1764098355.168732 sending message 112 to peer 0x55cc377e8560 (13 bytes)
1764098355.168751 sending message 112 to peer 0x55cc377e8560 (13 bytes)
1764098355.168767 sending message 112 to peer 0x55cc377e8560 (13 bytes)
1764098355.168779 sending message 112 to peer 0x55cc377e8560 (13 bytes)
1764098355.168792 sending message 112 to peer 0x55cc377e8560 (9 bytes)
1764098355.168805 sending message 112 to peer 0x55cc377e8560 (12 bytes)
1764098355.168816 sending message 112 to peer 0x55cc377e8560 (13 bytes)
1764098355.168828 sending message 112 to peer 0x55cc377e8560 (13 bytes)
1764098355.168839 sending message 112 to peer 0x55cc377e8560 (13 bytes)
1764098355.168851 sending message 112 to peer 0x55cc377e8560 (13 bytes)
1764098355.168862 sending message 112 to peer 0x55cc377e8560 (13 bytes)
1764098355.168874 sending message 112 to peer 0x55cc377e8560 (11 bytes)
1764098355.168886 sending message 112 to peer 0x55cc377e8560 (12 bytes)
1764098355.168898 sending message 112 to peer 0x55cc377e8560 (13 bytes)
1764098355.168910 sending message 112 to peer 0x55cc377e8560 (13 bytes)
1764098355.168921 sending message 112 to peer 0x55cc377e8560 (13 bytes)
1764098355.168933 sending message 112 to peer 0x55cc377e8560 (13 bytes)
1764098355.168946 sending message 112 to peer 0x55cc377e8560 (13 bytes)
1764098355.168962 sending message 112 to peer 0x55cc377e8560 (11 bytes)
1764098355.168977 sending message 112 to peer 0x55cc377e8560 (12 bytes)
1764098355.168992 sending message 112 to peer 0x55cc377e8560 (12 bytes)
1764098355.169007 sending message 112 to peer 0x55cc377e8560 (12 bytes)
1764098355.169022 sending message 112 to peer 0x55cc377e8560 (12 bytes)
1764098355.169037 sending message 112 to peer 0x55cc377e8560 (12 bytes)
1764098355.169050 sending message 112 to peer 0x55cc377e8560 (21 bytes)
1764098355.169063 sending message 112 to peer 0x55cc377e8560 (12 bytes)
1764098355.169075 sending message 112 to peer 0x55cc377e8560 (9 bytes)
1764098355.169087 sending message 112 to peer 0x55cc377e8560 (6 bytes)
1764098355.169099 sending message 112 to peer 0x55cc377e8560 (13 bytes)
1764098355.169111 sending message 112 to peer 0x55cc377e8560 (10 bytes)
1764098355.169123 sending message 112 to peer 0x55cc377e8560 (24 bytes)
1764098355.169135 sending message 112 to peer 0x55cc377e8560 (13 bytes)
1764098355.169147 sending message 112 to peer 0x55cc377e8560 (9 bytes)
1764098355.169158 sending message 112 to peer 0x55cc377e8560 (70 bytes)
1764098355.169170 sending message 112 to peer 0x55cc377e8560 (69 bytes)
1764098355.169182 sending message 112 to peer 0x55cc377e8560 (12 bytes)
1764098355.169194 sending message 112 to peer 0x55cc377e8560 (10 bytes)
1764098355.169207 sending message 112 to peer 0x55cc377e8560 (10 bytes)
1764098355.169220 sending message 112 to peer 0x55cc377e8560 (24 bytes)
1764098355.169232 sending message 112 to peer 0x55cc377e8560 (13 bytes)
1764098355.169243 sending message 112 to peer 0x55cc377e8560 (10 bytes)
1764098355.169255 sending message 112 to peer 0x55cc377e8560 (10 bytes)
1764098355.169266 sending message 112 to peer 0x55cc377e8560 (10 bytes)
1764098355.169278 sending message 112 to peer 0x55cc377e8560 (13 bytes)
1764098355.169290 sending message 112 to peer 0x55cc377e8560 (15 bytes)
1764098355.169302 sending message 112 to peer 0x55cc377e8560 (5 bytes)
1764098355.169316 sending message 104 to peer 0x55cc377e8560 (0 bytes)
1764098355.169332 sending message 110 to peer 0x55cc377e8560 (0 bytes)
1764098355.169346 sending message 107 to peer 0x55cc377e8560 (4 bytes)
1764098355.169358 sending message 105 to peer 0x55cc377e8560 (20 bytes)
1764098355.169371 sending message 105 to peer 0x55cc377e8560 (20 bytes)
1764098355.169385 sending message 105 to peer 0x55cc377e8560 (162 bytes)
1764098355.169397 sending message 105 to peer 0x55cc377e8560 (58 bytes)
1764098355.169419 sending message 105 to peer 0x55cc377e8560 (29 bytes)
1764098355.169432 sending message 105 to peer 0x55cc377e8560 (24 bytes)
1764098355.169444 sending message 105 to peer 0x55cc377e8560 (38 bytes)
1764098355.169457 sending message 105 to peer 0x55cc377e8560 (46 bytes)
1764098355.169469 sending message 105 to peer 0x55cc377e8560 (21 bytes)
1764098355.169488 sending message 105 to peer 0x55cc377e8560 (36 bytes)
1764098355.169505 sending message 105 to peer 0x55cc377e8560 (33 bytes)
1764098355.169517 sending message 105 to peer 0x55cc377e8560 (25 bytes)
1764098355.169531 sending message 105 to peer 0x55cc377e8560 (15 bytes)
1764098355.169545 sending message 105 to peer 0x55cc377e8560 (16 bytes)
1764098355.169557 sending message 105 to peer 0x55cc377e8560 (13 bytes)
1764098355.169569 sending message 105 to peer 0x55cc377e8560 (15 bytes)
1764098355.169580 sending message 105 to peer 0x55cc377e8560 (24 bytes)
1764098355.169592 sending message 105 to peer 0x55cc377e8560 (25 bytes)
1764098355.169604 sending message 105 to peer 0x55cc377e8560 (13 bytes)
1764098355.169616 sending message 105 to peer 0x55cc377e8560 (25 bytes)
1764098355.169628 sending message 105 to peer 0x55cc377e8560 (110 bytes)
1764098355.169639 sending message 105 to peer 0x55cc377e8560 (53 bytes)
1764098355.169652 sending message 105 to peer 0x55cc377e8560 (15 bytes)
1764098355.169664 sending message 105 to peer 0x55cc377e8560 (16 bytes)
1764098355.169675 sending message 105 to peer 0x55cc377e8560 (17 bytes)
1764098355.169690 sending message 105 to peer 0x55cc377e8560 (2750 bytes)
1764098355.169734 sending message 105 to peer 0x55cc377e8560 (25 bytes)
1764098355.169747 sending message 105 to peer 0x55cc377e8560 (122 bytes)
1764098355.169759 sending message 105 to peer 0x55cc377e8560 (48 bytes)
1764098355.169771 sending message 105 to peer 0x55cc377e8560 (26 bytes)
1764098355.169783 sending message 105 to peer 0x55cc377e8560 (22 bytes)
1764098355.169795 sending message 105 to peer 0x55cc377e8560 (81 bytes)
1764098355.169807 sending message 105 to peer 0x55cc377e8560 (52 bytes)
1764098355.169819 sending message 105 to peer 0x55cc377e8560 (28 bytes)
1764098355.169831 sending message 105 to peer 0x55cc377e8560 (24 bytes)
1764098355.169843 sending message 105 to peer 0x55cc377e8560 (31 bytes)
1764098355.169856 sending message 105 to peer 0x55cc377e8560 (35 bytes)
1764098355.169868 sending message 105 to peer 0x55cc377e8560 (23 bytes)
1764098355.169880 sending message 105 to peer 0x55cc377e8560 (20 bytes)
1764098355.169892 sending message 105 to peer 0x55cc377e8560 (24 bytes)
1764098355.169904 sending message 105 to peer 0x55cc377e8560 (20 bytes)
1764098355.169916 sending message 105 to peer 0x55cc377e8560 (21 bytes)
1764098355.169928 sending message 105 to peer 0x55cc377e8560 (38 bytes)
1764098355.169939 sending message 105 to peer 0x55cc377e8560 (10 bytes)
1764098355.169951 sending message 105 to peer 0x55cc377e8560 (14 bytes)
1764098355.169963 sending message 105 to peer 0x55cc377e8560 (24 bytes)
1764098355.169975 sending message 105 to peer 0x55cc377e8560 (64 bytes)
1764098355.169986 sending message 105 to peer 0x55cc377e8560 (13 bytes)
1764098355.169999 sending message 105 to peer 0x55cc377e8560 (21 bytes)
1764098355.170012 sending message 105 to peer 0x55cc377e8560 (8 bytes)
1764098355.170024 sending message 105 to peer 0x55cc377e8560 (21 bytes)
1764098355.170036 sending message 105 to peer 0x55cc377e8560 (39 bytes)
1764098355.170048 sending message 105 to peer 0x55cc377e8560 (11 bytes)
1764098355.170059 sending message 105 to peer 0x55cc377e8560 (11 bytes)
1764098355.170071 sending message 105 to peer 0x55cc377e8560 (17 bytes)
1764098355.170083 sending message 105 to peer 0x55cc377e8560 (31 bytes)
1764098355.170094 sending message 105 to peer 0x55cc377e8560 (50 bytes)
1764098355.170106 sending message 105 to peer 0x55cc377e8560 (98 bytes)
1764098355.170118 sending message 105 to peer 0x55cc377e8560 (20 bytes)
1764098355.170130 sending message 105 to peer 0x55cc377e8560 (354 bytes)
1764098355.170142 sending message 105 to peer 0x55cc377e8560 (34 bytes)
1764098355.170156 sending message 105 to peer 0x55cc377e8560 (54 bytes)
1764098355.170169 sending message 105 to peer 0x55cc377e8560 (26 bytes)
1764098355.170184 sending message 105 to peer 0x55cc377e8560 (20 bytes)
1764098355.170195 sending message 105 to peer 0x55cc377e8560 (16 bytes)
1764098355.170207 sending message 106 to peer 0x55cc377e8560 (0 bytes)
1764098355.170332 cmd_pack_argv: argv[0]=new-session
1764098355.170353 sending message 200 to peer 0x55cc377e8560 (16 bytes)
1764098355.170365 client loop enter
1764098355.170399 client_signal: Child exited
1764098357.123611 peer 0x55cc377e8560 message 207
1764098357.123671 sending message 208 to peer 0x55cc377e8560 (0 bytes)
1764098358.316035 peer 0x55cc377e8560 message 203
1764098358.316081 sending message 205 to peer 0x55cc377e8560 (0 bytes)
1764098358.317485 peer 0x55cc377e8560 message 204
1764098358.317546 client loop exit
